\BOOKMARK [0][-]{section*.2}{List of Figures}{}% 1
\BOOKMARK [0][-]{section*.4}{List of Tables}{}% 2
\BOOKMARK [0][-]{chapter.1}{Introduction}{}% 3
\BOOKMARK [1][-]{section.1.1}{Motivation}{chapter.1}% 4
\BOOKMARK [1][-]{section.1.2}{Thesis Outline}{chapter.1}% 5
\BOOKMARK [0][-]{chapter.2}{Background}{}% 6
\BOOKMARK [1][-]{section.2.1}{Hollow-Core Photonic Crystal Fiber}{chapter.2}% 7
\BOOKMARK [2][-]{subsection.2.1.1}{Conventional TIR Guidance}{section.2.1}% 8
\BOOKMARK [2][-]{subsection.2.1.2}{Photonic Crystal Bandgap}{section.2.1}% 9
\BOOKMARK [2][-]{subsection.2.1.3}{Bandgap Shift}{section.2.1}% 10
\BOOKMARK [0][-]{chapter.3}{Liquid-Filled HCPCF}{}% 11
\BOOKMARK [1][-]{section.3.1}{Filling Methods}{chapter.3}% 12
\BOOKMARK [1][-]{section.3.2}{Experimental Set-Up}{chapter.3}% 13
\BOOKMARK [1][-]{section.3.3}{H2O and D2O Transmission}{chapter.3}% 14
\BOOKMARK [1][-]{section.3.4}{Results}{chapter.3}% 15
\BOOKMARK [2][-]{subsection.3.4.1}{Selective Filling}{section.3.4}% 16
\BOOKMARK [2][-]{subsection.3.4.2}{Full-Fiber Filling}{section.3.4}% 17
\BOOKMARK [1][-]{section.3.5}{Carbon Nanotubes}{chapter.3}% 18
\BOOKMARK [2][-]{subsection.3.5.1}{Characterizing Carbon Nanotubes}{section.3.5}% 19
\BOOKMARK [2][-]{subsection.3.5.2}{Nonlinear Optical Properties of CNTs}{section.3.5}% 20
\BOOKMARK [2][-]{subsection.3.5.3}{Fluorescence of CNTs}{section.3.5}% 21
\BOOKMARK [0][-]{chapter.4}{Optical Excitation of Semiconductor Nanoparticles in Hollow-Core Fiber}{}% 22
\BOOKMARK [1][-]{section.4.1}{Bandgap Overlap}{chapter.4}% 23
\BOOKMARK [2][-]{subsection.4.1.1}{Particle-Mode Interaction and Optical Depth}{section.4.1}% 24
\BOOKMARK [1][-]{section.4.2}{Indocyanine Green}{chapter.4}% 25
\BOOKMARK [2][-]{subsection.4.2.1}{Fiber Absorption Effects}{section.4.2}% 26
\BOOKMARK [1][-]{section.4.3}{Experiment Set-Up}{chapter.4}% 27
\BOOKMARK [1][-]{section.4.4}{Results}{chapter.4}% 28
\BOOKMARK [0][-]{chapter.5}{Future Work}{}% 29
\BOOKMARK [1][-]{section.5.1}{ECDL}{chapter.5}% 30
\BOOKMARK [0][-]{section*.38}{References}{}% 31
\BOOKMARK [0][-]{appendix*.40}{APPENDICES}{}% 32
\BOOKMARK [1][-]{section.Alph0.1}{Derivation of the 1D Propagation Matrix }{appendix*.40}% 33
\BOOKMARK [0][-]{section*.42}{Glossary}{}% 34
\BOOKMARK [0][-]{section*.44}{Abbreviations}{}% 35
\BOOKMARK [0][-]{section*.46}{Nomenclature}{}% 36
\BOOKMARK [0][-]{section*.48}{List of Symbols}{}% 37
