This is pdfTeX, Version 3.141592653-2.6-1.40.24 (TeX Live 2022/Arch Linux) (preloaded format=pdflatex 2022.5.17)  9 JUN 2022 19:13
entering extended mode
 restricted \write18 enabled.
 %&-line parsing enabled.
**uw-ethesis.tex
(./uw-ethesis.tex
LaTeX2e <2021-11-15> patch level 1
L3 programming layer <2022-04-10>
(/usr/share/texmf-dist/tex/latex/base/book.cls
Document Class: book 2021/10/04 v1.4n Standard LaTeX document class
(/usr/share/texmf-dist/tex/latex/base/bk12.clo
File: bk12.clo 2021/10/04 v1.4n Standard LaTeX file (size option)
)
\c@part=\count185
\c@chapter=\count186
\c@section=\count187
\c@subsection=\count188
\c@subsubsection=\count189
\c@paragraph=\count190
\c@subparagraph=\count191
\c@figure=\count192
\c@table=\count193
\abovecaptionskip=\skip47
\belowcaptionskip=\skip48
\bibindent=\dimen138
)
(/usr/share/texmf-dist/tex/latex/base/ifthen.sty
Package: ifthen 2020/11/24 v1.1c Standard LaTeX ifthen package (DPC)
)
(/usr/share/texmf-dist/tex/latex/amsmath/amsmath.sty
Package: amsmath 2021/10/15 v2.17l AMS math features
\@mathmargin=\skip49

For additional information on amsmath, use the `?' option.
(/usr/share/texmf-dist/tex/latex/amsmath/amstext.sty
Package: amstext 2021/08/26 v2.01 AMS text

(/usr/share/texmf-dist/tex/latex/amsmath/amsgen.sty
File: amsgen.sty 1999/11/30 v2.0 generic functions
\@emptytoks=\toks16
\ex@=\dimen139
))
(/usr/share/texmf-dist/tex/latex/amsmath/amsbsy.sty
Package: amsbsy 1999/11/29 v1.2d Bold Symbols
\pmbraise@=\dimen140
)
(/usr/share/texmf-dist/tex/latex/amsmath/amsopn.sty
Package: amsopn 2021/08/26 v2.02 operator names
)
\inf@bad=\count194
LaTeX Info: Redefining \frac on input line 234.
\uproot@=\count195
\leftroot@=\count196
LaTeX Info: Redefining \overline on input line 399.
\classnum@=\count197
\DOTSCASE@=\count198
LaTeX Info: Redefining \ldots on input line 496.
LaTeX Info: Redefining \dots on input line 499.
LaTeX Info: Redefining \cdots on input line 620.
\Mathstrutbox@=\box50
\strutbox@=\box51
\big@size=\dimen141
LaTeX Font Info:    Redeclaring font encoding OML on input line 743.
LaTeX Font Info:    Redeclaring font encoding OMS on input line 744.
\macc@depth=\count199
\c@MaxMatrixCols=\count266
\dotsspace@=\muskip16
\c@parentequation=\count267
\dspbrk@lvl=\count268
\tag@help=\toks17
\row@=\count269
\column@=\count270
\maxfields@=\count271
\andhelp@=\toks18
\eqnshift@=\dimen142
\alignsep@=\dimen143
\tagshift@=\dimen144
\tagwidth@=\dimen145
\totwidth@=\dimen146
\lineht@=\dimen147
\@envbody=\toks19
\multlinegap=\skip50
\multlinetaggap=\skip51
\mathdisplay@stack=\toks20
LaTeX Info: Redefining \[ on input line 2938.
LaTeX Info: Redefining \] on input line 2939.
)
(/usr/share/texmf-dist/tex/latex/amsfonts/amssymb.sty
Package: amssymb 2013/01/14 v3.01 AMS font symbols

(/usr/share/texmf-dist/tex/latex/amsfonts/amsfonts.sty
Package: amsfonts 2013/01/14 v3.01 Basic AMSFonts support
\symAMSa=\mathgroup4
\symAMSb=\mathgroup5
LaTeX Font Info:    Redeclaring math symbol \hbar on input line 98.
LaTeX Font Info:    Overwriting math alphabet `\mathfrak' in version `bold'
(Font)                  U/euf/m/n --> U/euf/b/n on input line 106.
))
(/usr/share/texmf-dist/tex/latex/graphics/graphicx.sty
Package: graphicx 2021/09/16 v1.2d Enhanced LaTeX Graphics (DPC,SPQR)

(/usr/share/texmf-dist/tex/latex/graphics/keyval.sty
Package: keyval 2014/10/28 v1.15 key=value parser (DPC)
\KV@toks@=\toks21
)
(/usr/share/texmf-dist/tex/latex/graphics/graphics.sty
Package: graphics 2021/03/04 v1.4d Standard LaTeX Graphics (DPC,SPQR)

(/usr/share/texmf-dist/tex/latex/graphics/trig.sty
Package: trig 2021/08/11 v1.11 sin cos tan (DPC)
)
(/usr/share/texmf-dist/tex/latex/graphics-cfg/graphics.cfg
File: graphics.cfg 2016/06/04 v1.11 sample graphics configuration
)
Package graphics Info: Driver file: pdftex.def on input line 107.

(/usr/share/texmf-dist/tex/latex/graphics-def/pdftex.def
File: pdftex.def 2020/10/05 v1.2a Graphics/color driver for pdftex
))
\Gin@req@height=\dimen148
\Gin@req@width=\dimen149
)
(/usr/share/texmf-dist/tex/latex/caption/subcaption.sty
Package: subcaption 2022/01/07 v1.5 Sub-captions (AR)

(/usr/share/texmf-dist/tex/latex/caption/caption.sty
Package: caption 2022/03/01 v3.6b Customizing captions (AR)

(/usr/share/texmf-dist/tex/latex/caption/caption3.sty
Package: caption3 2022/03/17 v2.3b caption3 kernel (AR)
\caption@tempdima=\dimen150
\captionmargin=\dimen151
\caption@leftmargin=\dimen152
\caption@rightmargin=\dimen153
\caption@width=\dimen154
\caption@indent=\dimen155
\caption@parindent=\dimen156
\caption@hangindent=\dimen157
Package caption Info: Standard document class detected.
)
\c@caption@flags=\count272
\c@continuedfloat=\count273
)
\c@subfigure=\count274
\c@subtable=\count275
)
(/usr/share/texmf-dist/tex/latex/pgf/frontendlayer/tikz.sty
(/usr/share/texmf-dist/tex/latex/pgf/basiclayer/pgf.sty
(/usr/share/texmf-dist/tex/latex/pgf/utilities/pgfrcs.sty
(/usr/share/texmf-dist/tex/generic/pgf/utilities/pgfutil-common.tex
\pgfutil@everybye=\toks22
\pgfutil@tempdima=\dimen158
\pgfutil@tempdimb=\dimen159

(/usr/share/texmf-dist/tex/generic/pgf/utilities/pgfutil-common-lists.tex))
(/usr/share/texmf-dist/tex/generic/pgf/utilities/pgfutil-latex.def
\pgfutil@abb=\box52
)
(/usr/share/texmf-dist/tex/generic/pgf/utilities/pgfrcs.code.tex
(/usr/share/texmf-dist/tex/generic/pgf/pgf.revision.tex)
Package: pgfrcs 2021/05/15 v3.1.9a (3.1.9a)
))
Package: pgf 2021/05/15 v3.1.9a (3.1.9a)

(/usr/share/texmf-dist/tex/latex/pgf/basiclayer/pgfcore.sty
(/usr/share/texmf-dist/tex/latex/pgf/systemlayer/pgfsys.sty
(/usr/share/texmf-dist/tex/generic/pgf/systemlayer/pgfsys.code.tex
Package: pgfsys 2021/05/15 v3.1.9a (3.1.9a)

(/usr/share/texmf-dist/tex/generic/pgf/utilities/pgfkeys.code.tex
\pgfkeys@pathtoks=\toks23
\pgfkeys@temptoks=\toks24

(/usr/share/texmf-dist/tex/generic/pgf/utilities/pgfkeysfiltered.code.tex
\pgfkeys@tmptoks=\toks25
))
\pgf@x=\dimen160
\pgf@y=\dimen161
\pgf@xa=\dimen162
\pgf@ya=\dimen163
\pgf@xb=\dimen164
\pgf@yb=\dimen165
\pgf@xc=\dimen166
\pgf@yc=\dimen167
\pgf@xd=\dimen168
\pgf@yd=\dimen169
\w@pgf@writea=\write3
\r@pgf@reada=\read2
\c@pgf@counta=\count276
\c@pgf@countb=\count277
\c@pgf@countc=\count278
\c@pgf@countd=\count279
\t@pgf@toka=\toks26
\t@pgf@tokb=\toks27
\t@pgf@tokc=\toks28
\pgf@sys@id@count=\count280

(/usr/share/texmf-dist/tex/generic/pgf/systemlayer/pgf.cfg
File: pgf.cfg 2021/05/15 v3.1.9a (3.1.9a)
)
Driver file for pgf: pgfsys-pdftex.def

(/usr/share/texmf-dist/tex/generic/pgf/systemlayer/pgfsys-pdftex.def
File: pgfsys-pdftex.def 2021/05/15 v3.1.9a (3.1.9a)

(/usr/share/texmf-dist/tex/generic/pgf/systemlayer/pgfsys-common-pdf.def
File: pgfsys-common-pdf.def 2021/05/15 v3.1.9a (3.1.9a)
)))
(/usr/share/texmf-dist/tex/generic/pgf/systemlayer/pgfsyssoftpath.code.tex
File: pgfsyssoftpath.code.tex 2021/05/15 v3.1.9a (3.1.9a)
\pgfsyssoftpath@smallbuffer@items=\count281
\pgfsyssoftpath@bigbuffer@items=\count282
)
(/usr/share/texmf-dist/tex/generic/pgf/systemlayer/pgfsysprotocol.code.tex
File: pgfsysprotocol.code.tex 2021/05/15 v3.1.9a (3.1.9a)
))
(/usr/share/texmf-dist/tex/latex/xcolor/xcolor.sty
Package: xcolor 2021/10/31 v2.13 LaTeX color extensions (UK)

(/usr/share/texmf-dist/tex/latex/graphics-cfg/color.cfg
File: color.cfg 2016/01/02 v1.6 sample color configuration
)
Package xcolor Info: Driver file: pdftex.def on input line 227.
Package xcolor Info: Model `cmy' substituted by `cmy0' on input line 1352.
Package xcolor Info: Model `hsb' substituted by `rgb' on input line 1356.
Package xcolor Info: Model `RGB' extended on input line 1368.
Package xcolor Info: Model `HTML' substituted by `rgb' on input line 1370.
Package xcolor Info: Model `Hsb' substituted by `hsb' on input line 1371.
Package xcolor Info: Model `tHsb' substituted by `hsb' on input line 1372.
Package xcolor Info: Model `HSB' substituted by `hsb' on input line 1373.
Package xcolor Info: Model `Gray' substituted by `gray' on input line 1374.
Package xcolor Info: Model `wave' substituted by `hsb' on input line 1375.
)
(/usr/share/texmf-dist/tex/generic/pgf/basiclayer/pgfcore.code.tex
Package: pgfcore 2021/05/15 v3.1.9a (3.1.9a)

(/usr/share/texmf-dist/tex/generic/pgf/math/pgfmath.code.tex
(/usr/share/texmf-dist/tex/generic/pgf/math/pgfmathcalc.code.tex
(/usr/share/texmf-dist/tex/generic/pgf/math/pgfmathutil.code.tex)
(/usr/share/texmf-dist/tex/generic/pgf/math/pgfmathparser.code.tex
\pgfmath@dimen=\dimen170
\pgfmath@count=\count283
\pgfmath@box=\box53
\pgfmath@toks=\toks29
\pgfmath@stack@operand=\toks30
\pgfmath@stack@operation=\toks31
)
(/usr/share/texmf-dist/tex/generic/pgf/math/pgfmathfunctions.code.tex
(/usr/share/texmf-dist/tex/generic/pgf/math/pgfmathfunctions.basic.code.tex)
(/usr/share/texmf-dist/tex/generic/pgf/math/pgfmathfunctions.trigonometric.code
.tex)
(/usr/share/texmf-dist/tex/generic/pgf/math/pgfmathfunctions.random.code.tex)
(/usr/share/texmf-dist/tex/generic/pgf/math/pgfmathfunctions.comparison.code.te
x) (/usr/share/texmf-dist/tex/generic/pgf/math/pgfmathfunctions.base.code.tex)
(/usr/share/texmf-dist/tex/generic/pgf/math/pgfmathfunctions.round.code.tex)
(/usr/share/texmf-dist/tex/generic/pgf/math/pgfmathfunctions.misc.code.tex)
(/usr/share/texmf-dist/tex/generic/pgf/math/pgfmathfunctions.integerarithmetics
.code.tex))) (/usr/share/texmf-dist/tex/generic/pgf/math/pgfmathfloat.code.tex
\c@pgfmathroundto@lastzeros=\count284
)) (/usr/share/texmf-dist/tex/generic/pgf/math/pgfint.code.tex)
(/usr/share/texmf-dist/tex/generic/pgf/basiclayer/pgfcorepoints.code.tex
File: pgfcorepoints.code.tex 2021/05/15 v3.1.9a (3.1.9a)
\pgf@picminx=\dimen171
\pgf@picmaxx=\dimen172
\pgf@picminy=\dimen173
\pgf@picmaxy=\dimen174
\pgf@pathminx=\dimen175
\pgf@pathmaxx=\dimen176
\pgf@pathminy=\dimen177
\pgf@pathmaxy=\dimen178
\pgf@xx=\dimen179
\pgf@xy=\dimen180
\pgf@yx=\dimen181
\pgf@yy=\dimen182
\pgf@zx=\dimen183
\pgf@zy=\dimen184
)
(/usr/share/texmf-dist/tex/generic/pgf/basiclayer/pgfcorepathconstruct.code.tex
File: pgfcorepathconstruct.code.tex 2021/05/15 v3.1.9a (3.1.9a)
\pgf@path@lastx=\dimen185
\pgf@path@lasty=\dimen186
) (/usr/share/texmf-dist/tex/generic/pgf/basiclayer/pgfcorepathusage.code.tex
File: pgfcorepathusage.code.tex 2021/05/15 v3.1.9a (3.1.9a)
\pgf@shorten@end@additional=\dimen187
\pgf@shorten@start@additional=\dimen188
)
(/usr/share/texmf-dist/tex/generic/pgf/basiclayer/pgfcorescopes.code.tex
File: pgfcorescopes.code.tex 2021/05/15 v3.1.9a (3.1.9a)
\pgfpic=\box54
\pgf@hbox=\box55
\pgf@layerbox@main=\box56
\pgf@picture@serial@count=\count285
)
(/usr/share/texmf-dist/tex/generic/pgf/basiclayer/pgfcoregraphicstate.code.tex
File: pgfcoregraphicstate.code.tex 2021/05/15 v3.1.9a (3.1.9a)
\pgflinewidth=\dimen189
)
(/usr/share/texmf-dist/tex/generic/pgf/basiclayer/pgfcoretransformations.code.t
ex
File: pgfcoretransformations.code.tex 2021/05/15 v3.1.9a (3.1.9a)
\pgf@pt@x=\dimen190
\pgf@pt@y=\dimen191
\pgf@pt@temp=\dimen192
) (/usr/share/texmf-dist/tex/generic/pgf/basiclayer/pgfcorequick.code.tex
File: pgfcorequick.code.tex 2021/05/15 v3.1.9a (3.1.9a)
)
(/usr/share/texmf-dist/tex/generic/pgf/basiclayer/pgfcoreobjects.code.tex
File: pgfcoreobjects.code.tex 2021/05/15 v3.1.9a (3.1.9a)
)
(/usr/share/texmf-dist/tex/generic/pgf/basiclayer/pgfcorepathprocessing.code.te
x
File: pgfcorepathprocessing.code.tex 2021/05/15 v3.1.9a (3.1.9a)
) (/usr/share/texmf-dist/tex/generic/pgf/basiclayer/pgfcorearrows.code.tex
File: pgfcorearrows.code.tex 2021/05/15 v3.1.9a (3.1.9a)
\pgfarrowsep=\dimen193
)
(/usr/share/texmf-dist/tex/generic/pgf/basiclayer/pgfcoreshade.code.tex
File: pgfcoreshade.code.tex 2021/05/15 v3.1.9a (3.1.9a)
\pgf@max=\dimen194
\pgf@sys@shading@range@num=\count286
\pgf@shadingcount=\count287
)
(/usr/share/texmf-dist/tex/generic/pgf/basiclayer/pgfcoreimage.code.tex
File: pgfcoreimage.code.tex 2021/05/15 v3.1.9a (3.1.9a)

(/usr/share/texmf-dist/tex/generic/pgf/basiclayer/pgfcoreexternal.code.tex
File: pgfcoreexternal.code.tex 2021/05/15 v3.1.9a (3.1.9a)
\pgfexternal@startupbox=\box57
))
(/usr/share/texmf-dist/tex/generic/pgf/basiclayer/pgfcorelayers.code.tex
File: pgfcorelayers.code.tex 2021/05/15 v3.1.9a (3.1.9a)
)
(/usr/share/texmf-dist/tex/generic/pgf/basiclayer/pgfcoretransparency.code.tex
File: pgfcoretransparency.code.tex 2021/05/15 v3.1.9a (3.1.9a)
) (/usr/share/texmf-dist/tex/generic/pgf/basiclayer/pgfcorepatterns.code.tex
File: pgfcorepatterns.code.tex 2021/05/15 v3.1.9a (3.1.9a)
)
(/usr/share/texmf-dist/tex/generic/pgf/basiclayer/pgfcorerdf.code.tex
File: pgfcorerdf.code.tex 2021/05/15 v3.1.9a (3.1.9a)
)))
(/usr/share/texmf-dist/tex/generic/pgf/modules/pgfmoduleshapes.code.tex
File: pgfmoduleshapes.code.tex 2021/05/15 v3.1.9a (3.1.9a)
\pgfnodeparttextbox=\box58
)
(/usr/share/texmf-dist/tex/generic/pgf/modules/pgfmoduleplot.code.tex
File: pgfmoduleplot.code.tex 2021/05/15 v3.1.9a (3.1.9a)
)
(/usr/share/texmf-dist/tex/latex/pgf/compatibility/pgfcomp-version-0-65.sty
Package: pgfcomp-version-0-65 2021/05/15 v3.1.9a (3.1.9a)
\pgf@nodesepstart=\dimen195
\pgf@nodesepend=\dimen196
)
(/usr/share/texmf-dist/tex/latex/pgf/compatibility/pgfcomp-version-1-18.sty
Package: pgfcomp-version-1-18 2021/05/15 v3.1.9a (3.1.9a)
))
(/usr/share/texmf-dist/tex/latex/pgf/utilities/pgffor.sty
(/usr/share/texmf-dist/tex/latex/pgf/utilities/pgfkeys.sty
(/usr/share/texmf-dist/tex/generic/pgf/utilities/pgfkeys.code.tex))
(/usr/share/texmf-dist/tex/latex/pgf/math/pgfmath.sty
(/usr/share/texmf-dist/tex/generic/pgf/math/pgfmath.code.tex))
(/usr/share/texmf-dist/tex/generic/pgf/utilities/pgffor.code.tex
Package: pgffor 2021/05/15 v3.1.9a (3.1.9a)

(/usr/share/texmf-dist/tex/generic/pgf/math/pgfmath.code.tex)
\pgffor@iter=\dimen197
\pgffor@skip=\dimen198
\pgffor@stack=\toks32
\pgffor@toks=\toks33
))
(/usr/share/texmf-dist/tex/generic/pgf/frontendlayer/tikz/tikz.code.tex
Package: tikz 2021/05/15 v3.1.9a (3.1.9a)

(/usr/share/texmf-dist/tex/generic/pgf/libraries/pgflibraryplothandlers.code.te
x
File: pgflibraryplothandlers.code.tex 2021/05/15 v3.1.9a (3.1.9a)
\pgf@plot@mark@count=\count288
\pgfplotmarksize=\dimen199
)
\tikz@lastx=\dimen256
\tikz@lasty=\dimen257
\tikz@lastxsaved=\dimen258
\tikz@lastysaved=\dimen259
\tikz@lastmovetox=\dimen260
\tikz@lastmovetoy=\dimen261
\tikzleveldistance=\dimen262
\tikzsiblingdistance=\dimen263
\tikz@figbox=\box59
\tikz@figbox@bg=\box60
\tikz@tempbox=\box61
\tikz@tempbox@bg=\box62
\tikztreelevel=\count289
\tikznumberofchildren=\count290
\tikznumberofcurrentchild=\count291
\tikz@fig@count=\count292
 (/usr/share/texmf-dist/tex/generic/pgf/modules/pgfmodulematrix.code.tex
File: pgfmodulematrix.code.tex 2021/05/15 v3.1.9a (3.1.9a)
\pgfmatrixcurrentrow=\count293
\pgfmatrixcurrentcolumn=\count294
\pgf@matrix@numberofcolumns=\count295
)
\tikz@expandcount=\count296

(/usr/share/texmf-dist/tex/generic/pgf/frontendlayer/tikz/libraries/tikzlibrary
topaths.code.tex
File: tikzlibrarytopaths.code.tex 2021/05/15 v3.1.9a (3.1.9a)
))) (/usr/share/texmf-dist/tex/latex/tools/tabularx.sty
Package: tabularx 2020/01/15 v2.11c `tabularx' package (DPC)

(/usr/share/texmf-dist/tex/latex/tools/array.sty
Package: array 2021/10/04 v2.5f Tabular extension package (FMi)
\col@sep=\dimen264
\ar@mcellbox=\box63
\extrarowheight=\dimen265
\NC@list=\toks34
\extratabsurround=\skip52
\backup@length=\skip53
\ar@cellbox=\box64
)
\TX@col@width=\dimen266
\TX@old@table=\dimen267
\TX@old@col=\dimen268
\TX@target=\dimen269
\TX@delta=\dimen270
\TX@cols=\count297
\TX@ftn=\toks35
)
(/usr/share/texmf-dist/tex/latex/hyperref/hyperref.sty
Package: hyperref 2022-02-21 v7.00n Hypertext links for LaTeX

(/usr/share/texmf-dist/tex/generic/ltxcmds/ltxcmds.sty
Package: ltxcmds 2020-05-10 v1.25 LaTeX kernel commands for general use (HO)
)
(/usr/share/texmf-dist/tex/generic/iftex/iftex.sty
Package: iftex 2022/02/03 v1.0f TeX engine tests
)
(/usr/share/texmf-dist/tex/generic/pdftexcmds/pdftexcmds.sty
Package: pdftexcmds 2020-06-27 v0.33 Utility functions of pdfTeX for LuaTeX (HO
)

(/usr/share/texmf-dist/tex/generic/infwarerr/infwarerr.sty
Package: infwarerr 2019/12/03 v1.5 Providing info/warning/error messages (HO)
)
Package pdftexcmds Info: \pdf@primitive is available.
Package pdftexcmds Info: \pdf@ifprimitive is available.
Package pdftexcmds Info: \pdfdraftmode found.
)
(/usr/share/texmf-dist/tex/generic/kvsetkeys/kvsetkeys.sty
Package: kvsetkeys 2019/12/15 v1.18 Key value parser (HO)
)
(/usr/share/texmf-dist/tex/generic/kvdefinekeys/kvdefinekeys.sty
Package: kvdefinekeys 2019-12-19 v1.6 Define keys (HO)
)
(/usr/share/texmf-dist/tex/generic/pdfescape/pdfescape.sty
Package: pdfescape 2019/12/09 v1.15 Implements pdfTeX's escape features (HO)
)
(/usr/share/texmf-dist/tex/latex/hycolor/hycolor.sty
Package: hycolor 2020-01-27 v1.10 Color options for hyperref/bookmark (HO)
)
(/usr/share/texmf-dist/tex/latex/letltxmacro/letltxmacro.sty
Package: letltxmacro 2019/12/03 v1.6 Let assignment for LaTeX macros (HO)
)
(/usr/share/texmf-dist/tex/latex/auxhook/auxhook.sty
Package: auxhook 2019-12-17 v1.6 Hooks for auxiliary files (HO)
)
(/usr/share/texmf-dist/tex/latex/kvoptions/kvoptions.sty
Package: kvoptions 2020-10-07 v3.14 Key value format for package options (HO)
)
\@linkdim=\dimen271
\Hy@linkcounter=\count298
\Hy@pagecounter=\count299

(/usr/share/texmf-dist/tex/latex/hyperref/pd1enc.def
File: pd1enc.def 2022-02-21 v7.00n Hyperref: PDFDocEncoding definition (HO)
Now handling font encoding PD1 ...
... no UTF-8 mapping file for font encoding PD1
)
(/usr/share/texmf-dist/tex/generic/intcalc/intcalc.sty
Package: intcalc 2019/12/15 v1.3 Expandable calculations with integers (HO)
)
(/usr/share/texmf-dist/tex/generic/etexcmds/etexcmds.sty
Package: etexcmds 2019/12/15 v1.7 Avoid name clashes with e-TeX commands (HO)
)
\Hy@SavedSpaceFactor=\count300

(/usr/share/texmf-dist/tex/latex/hyperref/puenc.def
File: puenc.def 2022-02-21 v7.00n Hyperref: PDF Unicode definition (HO)
Now handling font encoding PU ...
... no UTF-8 mapping file for font encoding PU
)
Package hyperref Info: Option `final' set `true' on input line 4018.
Package hyperref Info: Hyper figures OFF on input line 4137.
Package hyperref Info: Link nesting OFF on input line 4142.
Package hyperref Info: Hyper index ON on input line 4145.
Package hyperref Info: Plain pages OFF on input line 4152.
Package hyperref Info: Backreferencing OFF on input line 4157.
Package hyperref Info: Implicit mode ON; LaTeX internals redefined.
Package hyperref Info: Bookmarks ON on input line 4390.
LaTeX Info: Redefining \href on input line 4660.
\c@Hy@tempcnt=\count301

(/usr/share/texmf-dist/tex/latex/url/url.sty
\Urlmuskip=\muskip17
Package: url 2013/09/16  ver 3.4  Verb mode for urls, etc.
)
LaTeX Info: Redefining \url on input line 4749.
\XeTeXLinkMargin=\dimen272

(/usr/share/texmf-dist/tex/generic/bitset/bitset.sty
Package: bitset 2019/12/09 v1.3 Handle bit-vector datatype (HO)

(/usr/share/texmf-dist/tex/generic/bigintcalc/bigintcalc.sty
Package: bigintcalc 2019/12/15 v1.5 Expandable calculations on big integers (HO
)
))
\Fld@menulength=\count302
\Field@Width=\dimen273
\Fld@charsize=\dimen274
Package hyperref Info: Hyper figures OFF on input line 6027.
Package hyperref Info: Link nesting OFF on input line 6032.
Package hyperref Info: Hyper index ON on input line 6035.
Package hyperref Info: backreferencing OFF on input line 6042.
Package hyperref Info: Link coloring OFF on input line 6047.
Package hyperref Info: Link coloring with OCG OFF on input line 6052.
Package hyperref Info: PDF/A mode OFF on input line 6057.
LaTeX Info: Redefining \ref on input line 6097.
LaTeX Info: Redefining \pageref on input line 6101.

(/usr/share/texmf-dist/tex/latex/base/atbegshi-ltx.sty
Package: atbegshi-ltx 2021/01/10 v1.0c Emulation of the original atbegshi
package with kernel methods
)
\Hy@abspage=\count303
\c@Item=\count304
\c@Hfootnote=\count305
)
Package hyperref Info: Driver: hpdftex.

(/usr/share/texmf-dist/tex/latex/hyperref/hpdftex.def
File: hpdftex.def 2022-02-21 v7.00n Hyperref driver for pdfTeX

(/usr/share/texmf-dist/tex/latex/base/atveryend-ltx.sty
Package: atveryend-ltx 2020/08/19 v1.0a Emulation of the original atveryend pac
kage
with kernel methods
)
\Fld@listcount=\count306
\c@bookmark@seq@number=\count307

(/usr/share/texmf-dist/tex/latex/rerunfilecheck/rerunfilecheck.sty
Package: rerunfilecheck 2019/12/05 v1.9 Rerun checks for auxiliary files (HO)

(/usr/share/texmf-dist/tex/generic/uniquecounter/uniquecounter.sty
Package: uniquecounter 2019/12/15 v1.4 Provide unlimited unique counter (HO)
)
Package uniquecounter Info: New unique counter `rerunfilecheck' on input line 2
86.
)
\Hy@SectionHShift=\skip54
)
Package hyperref Info: Option `plainpages' set `false' on input line 109.
Package hyperref Info: Option `unicode' set `false' on input line 109.
Package hyperref Info: Option `pdftoolbar' set `true' on input line 109.
Package hyperref Info: Option `pdfmenubar' set `true' on input line 109.
Package hyperref Info: Option `pdffitwindow' set `false' on input line 109.
Package hyperref Info: Option `pdfnewwindow' set `true' on input line 109.
Package hyperref Info: Option `colorlinks' set `true' on input line 109.

(/usr/share/texmf-dist/tex/latex/glossaries-extra/glossaries-extra.sty
Package: glossaries-extra 2021/11/22 v1.48 (NLCT)

(/usr/share/texmf-dist/tex/latex/xkeyval/xkeyval.sty
Package: xkeyval 2020/11/20 v2.8 package option processing (HA)

(/usr/share/texmf-dist/tex/generic/xkeyval/xkeyval.tex
(/usr/share/texmf-dist/tex/generic/xkeyval/xkvutils.tex
\XKV@toks=\toks36
\XKV@tempa@toks=\toks37
)
\XKV@depth=\count308
File: xkeyval.tex 2014/12/03 v2.7a key=value parser (HA)
))
(/usr/share/texmf-dist/tex/latex/etoolbox/etoolbox.sty
Package: etoolbox 2020/10/05 v2.5k e-TeX tools for LaTeX (JAW)
\etb@tempcnta=\count309
)
(/usr/share/texmf-dist/tex/latex/glossaries/base/glossaries.sty
Package: glossaries 2021/11/01 v4.49 (NLCT)

(/usr/share/texmf-dist/tex/latex/mfirstuc/mfirstuc.sty
Package: mfirstuc 2021/10/15 v2.07 (NLCT)
\@glsmfirst=\toks38
\@glsmrest=\toks39
)
(/usr/share/texmf-dist/tex/latex/textcase/textcase.sty
Package: textcase 2019/09/14 v1.00 Text only upper/lower case changing (DPC)
)
(/usr/share/texmf-dist/tex/latex/xfor/xfor.sty
Package: xfor 2009/02/05 v1.05 (NLCT)
)
(/usr/share/texmf-dist/tex/latex/datatool/datatool-base.sty
Package: datatool-base 2019/09/27 v2.32 (NLCT)

(/usr/share/texmf-dist/tex/latex/substr/substr.sty
Package: substr 2009/10/20 v1.2 Handle substrings
\c@su@anzahl=\count310
)
(/usr/share/texmf-dist/tex/latex/datatool/datatool-fp.sty
Package: datatool-fp 2019/09/27 v2.32 (NLCT)

(/usr/share/texmf-dist/tex/latex/fp/fp.sty
Package: fp 1995/04/02

`Fixed Point Package', Version 0.8, April 2, 1995 (C) Michael Mehlich
(/usr/share/texmf-dist/tex/latex/fp/defpattern.sty
Package: defpattern 1994/10/12
\actioncount=\count311
)
(/usr/share/texmf-dist/tex/latex/fp/fp-basic.sty
Package: fp-basic 1996/05/13
\FP@xs=\count312
\FP@xia=\count313
\FP@xib=\count314
\FP@xfa=\count315
\FP@xfb=\count316
\FP@rega=\count317
\FP@regb=\count318
\FP@regs=\count319
\FP@times=\count320
)
(/usr/share/texmf-dist/tex/latex/fp/fp-addons.sty
Package: fp-addons 1995/03/15
)
(/usr/share/texmf-dist/tex/latex/fp/fp-snap.sty
Package: fp-snap 1995/04/05
)
(/usr/share/texmf-dist/tex/latex/fp/fp-exp.sty
Package: fp-exp 1995/04/03
)
(/usr/share/texmf-dist/tex/latex/fp/fp-trigo.sty
Package: fp-trigo 1995/04/14
)
(/usr/share/texmf-dist/tex/latex/fp/fp-pas.sty
Package: fp-pas 1994/08/29
)
(/usr/share/texmf-dist/tex/latex/fp/fp-random.sty
Package: fp-random 1995/02/23
\FPseed=\count321
)
(/usr/share/texmf-dist/tex/latex/fp/fp-eqn.sty
Package: fp-eqn 1995/04/03
)
(/usr/share/texmf-dist/tex/latex/fp/fp-upn.sty
Package: fp-upn 1996/10/21
)
(/usr/share/texmf-dist/tex/latex/fp/fp-eval.sty
Package: fp-eval 1995/04/03
)))
\@dtl@toks=\toks40
\@dtl@tmpcount=\count322
\dtl@tmplength=\skip55
\dtl@sortresult=\count323
\@dtl@numgrpsepcount=\count324
\@dtl@datatype=\count325
\dtl@codeA=\count326
\dtl@codeB=\count327
\@dtl@foreach@level=\count328
)
(/usr/share/texmf-dist/tex/latex/glossaries/base/glossaries-compatible-307.sty
Package: glossaries-compatible-307 2021/11/01 v4.49 (NLCT)
)
\gls@level=\count329
\@gls@tmpb=\toks41
\gls@tmplen=\skip56
\glskeylisttok=\toks42
\glslabeltok=\toks43
\glsshorttok=\toks44
\glslongtok=\toks45
(/usr/share/texmf-dist/tex/latex/glossaries/styles/glossary-hypernav.sty
Package: glossary-hypernav 2021/11/01 v4.49 (NLCT)
)
(/usr/share/texmf-dist/tex/latex/glossaries/styles/glossary-list.sty
Package: glossary-list 2021/11/01 v4.49 (NLCT)
\glslistdottedwidth=\skip57
)
(/usr/share/texmf-dist/tex/latex/glossaries/styles/glossary-long.sty
Package: glossary-long 2021/11/01 v4.49 (NLCT)

(/usr/share/texmf-dist/tex/latex/tools/longtable.sty
Package: longtable 2021-09-01 v4.17 Multi-page Table package (DPC)
\LTleft=\skip58
\LTright=\skip59
\LTpre=\skip60
\LTpost=\skip61
\LTchunksize=\count330
\LTcapwidth=\dimen275
\LT@head=\box65
\LT@firsthead=\box66
\LT@foot=\box67
\LT@lastfoot=\box68
\LT@gbox=\box69
\LT@cols=\count331
\LT@rows=\count332
\c@LT@tables=\count333
\c@LT@chunks=\count334
\LT@p@ftn=\toks46
)
\glsdescwidth=\skip62
\glspagelistwidth=\skip63
)
(/usr/share/texmf-dist/tex/latex/glossaries/styles/glossary-super.sty
Package: glossary-super 2021/11/01 v4.49 (NLCT)

(/usr/share/texmf-dist/tex/latex/supertabular/supertabular.sty
Package: supertabular 2020/02/02 v4.1g the supertabular environment
\c@tracingst=\count335
\ST@wd=\dimen276
\ST@rightskip=\skip64
\ST@leftskip=\skip65
\ST@parfillskip=\skip66
\ST@pageleft=\dimen277
\ST@headht=\dimen278
\ST@tailht=\dimen279
\ST@pagesofar=\dimen280
\ST@pboxht=\dimen281
\ST@lineht=\dimen282
\ST@prevht=\dimen283
\ST@toadd=\dimen284
\ST@dimen=\dimen285
\ST@pbox=\box70
))
(/usr/share/texmf-dist/tex/latex/glossaries/styles/glossary-tree.sty
Package: glossary-tree 2021/11/01 v4.49 (NLCT)
\glstreeindent=\skip67
))
\@glsxtr@leveloffset=\count336
\glsxtrresourcecount=\count337
\@glsxtrnewgls@inner=\count338
\glsshortpltok=\toks47
\glslongpltok=\toks48
\mglselementindex=\count339
)
(./glossaries.tex)
\glswrite=\write4
\glo@main@file=\write5
\openout5 = `uw-ethesis.glo'.

Package glossaries Info: Writing glossary file uw-ethesis.glo on input line 159
.
\glo@abbreviations@file=\write6
\openout6 = `uw-ethesis.glo-abr'.

Package glossaries Info: Writing glossary file uw-ethesis.glo-abr on input line
 159.
\glo@nomenclature@file=\write7
\openout7 = `uw-ethesis.nomenclature-glo'.

Package glossaries Info: Writing glossary file uw-ethesis.nomenclature-glo on i
nput line 159.
\glo@symbols@file=\write8
\openout8 = `uw-ethesis.symbols-glo'.

Package glossaries Info: Writing glossary file uw-ethesis.symbols-glo on input 
line 159.

(/usr/share/texmf-dist/tex/latex/l3backend/l3backend-pdftex.def
File: l3backend-pdftex.def 2022-04-14 L3 backend support: PDF output (pdfTeX)
\l__color_backend_stack_int=\count340
\l__pdf_internal_box=\box71
)
(./uw-ethesis.aux)
\openout1 = `uw-ethesis.aux'.

LaTeX Font Info:    Checking defaults for OML/cmm/m/it on input line 165.
LaTeX Font Info:    ... okay on input line 165.
LaTeX Font Info:    Checking defaults for OMS/cmsy/m/n on input line 165.
LaTeX Font Info:    ... okay on input line 165.
LaTeX Font Info:    Checking defaults for OT1/cmr/m/n on input line 165.
LaTeX Font Info:    ... okay on input line 165.
LaTeX Font Info:    Checking defaults for T1/cmr/m/n on input line 165.
LaTeX Font Info:    ... okay on input line 165.
LaTeX Font Info:    Checking defaults for TS1/cmr/m/n on input line 165.
LaTeX Font Info:    ... okay on input line 165.
LaTeX Font Info:    Checking defaults for OMX/cmex/m/n on input line 165.
LaTeX Font Info:    ... okay on input line 165.
LaTeX Font Info:    Checking defaults for U/cmr/m/n on input line 165.
LaTeX Font Info:    ... okay on input line 165.
LaTeX Font Info:    Checking defaults for PD1/pdf/m/n on input line 165.
LaTeX Font Info:    ... okay on input line 165.
LaTeX Font Info:    Checking defaults for PU/pdf/m/n on input line 165.
LaTeX Font Info:    ... okay on input line 165.
 (/usr/share/texmf-dist/tex/context/base/mkii/supp-pdf.mkii
[Loading MPS to PDF converter (version 2006.09.02).]
\scratchcounter=\count341
\scratchdimen=\dimen286
\scratchbox=\box72
\nofMPsegments=\count342
\nofMParguments=\count343
\everyMPshowfont=\toks49
\MPscratchCnt=\count344
\MPscratchDim=\dimen287
\MPnumerator=\count345
\makeMPintoPDFobject=\count346
\everyMPtoPDFconversion=\toks50
) (/usr/share/texmf-dist/tex/latex/epstopdf-pkg/epstopdf-base.sty
Package: epstopdf-base 2020-01-24 v2.11 Base part for package epstopdf
Package epstopdf-base Info: Redefining graphics rule for `.eps' on input line 4
85.

(/usr/share/texmf-dist/tex/latex/latexconfig/epstopdf-sys.cfg
File: epstopdf-sys.cfg 2010/07/13 v1.3 Configuration of (r)epstopdf for TeX Liv
e
))
Package caption Info: Begin \AtBeginDocument code.
Package caption Info: hyperref package is loaded.
Package caption Info: longtable package is loaded.

(/usr/share/texmf-dist/tex/latex/caption/ltcaption.sty
Package: ltcaption 2021/01/08 v1.4c longtable captions (AR)
)
Package caption Info: supertabular package is loaded.
Package caption Info: End \AtBeginDocument code.
Package hyperref Info: Link coloring ON on input line 165.

(/usr/share/texmf-dist/tex/latex/hyperref/nameref.sty
Package: nameref 2021-04-02 v2.47 Cross-referencing by name of section

(/usr/share/texmf-dist/tex/latex/refcount/refcount.sty
Package: refcount 2019/12/15 v3.6 Data extraction from label references (HO)
)
(/usr/share/texmf-dist/tex/generic/gettitlestring/gettitlestring.sty
Package: gettitlestring 2019/12/15 v1.6 Cleanup title references (HO)
)
\c@section@level=\count347
)
LaTeX Info: Redefining \ref on input line 165.
LaTeX Info: Redefining \pageref on input line 165.
LaTeX Info: Redefining \nameref on input line 165.

(./uw-ethesis.out) (./uw-ethesis.out)
\@outlinefile=\write9
\openout9 = `uw-ethesis.out'.

 (./uw-ethesis-frontpgs.tex [1

\openout4 = `uw-ethesis.ist'.



{/var/lib/texmf/fonts/map/pdftex/updmap/pdftex.map}] [2


] [3


] [4


] [5


] (./uw-ethesis.toc
LaTeX Font Info:    Trying to load font information for U+msa on input line 4.

(/usr/share/texmf-dist/tex/latex/amsfonts/umsa.fd
File: umsa.fd 2013/01/14 v3.01 AMS symbols A
)
LaTeX Font Info:    Trying to load font information for U+msb on input line 4.

(/usr/share/texmf-dist/tex/latex/amsfonts/umsb.fd
File: umsb.fd 2013/01/14 v3.01 AMS symbols B
) [6




] [7])
\tf@toc=\write10
\openout10 = `uw-ethesis.toc'.

 [8]
(./uw-ethesis.lof
Overfull \hbox (16.77664pt too wide) in paragraph at lines 14--14
 [][] [][][]\OT1/cmr/m/n/12 Modeshape of 1550 hollow-core fiber filled with (a)
air (b)heavy wa-ter (c)distilled 
 []

[9




]
Overfull \hbox (3.59067pt too wide) in paragraph at lines 19--19
 [][] [][][]\OT1/cmr/m/n/12 Absorption cross-section at peak wave-lengths 700nm
(blue) and 780nm(green) 
 []

)
\tf@lof=\write11
\openout11 = `uw-ethesis.lof'.

 [10] (./uw-ethesis.lot)
\tf@lot=\write12
\openout12 = `uw-ethesis.lot'.

 [11




]) (./chapter-introduction.tex
Chapter 1.
) (./chapter-background-hcpcf.tex [1




]
Chapter 2.
<./Figures/HCPCF/DBR.png, id=369, 284.5029pt x 189.8292pt>
File: ./Figures/HCPCF/DBR.png Graphic file (type png)
<use ./Figures/HCPCF/DBR.png>
Package pdftex.def Info: ./Figures/HCPCF/DBR.png  used on input line 11.
(pdftex.def)             Requested size: 460.72124pt x 307.40863pt.

LaTeX Warning: `!h' float specifier changed to `!ht'.

[2


] [3 <./Figures/HCPCF/DBR.png>] [4

] [5] [6] [7]
Underfull \hbox (badness 10000) in paragraph at lines 190--191

 []

[8]
Underfull \hbox (badness 10000) in paragraph at lines 201--202

 []


Underfull \hbox (badness 10000) in paragraph at lines 205--206

 []

) (./chapter-background-cnts.tex [9


] [10]
<./Figures/CNTs/chiral.png, id=457, 322.20375pt x 252.945pt>
File: ./Figures/CNTs/chiral.png Graphic file (type png)
<use ./Figures/CNTs/chiral.png>
Package pdftex.def Info: ./Figures/CNTs/chiral.png  used on input line 33.
(pdftex.def)             Requested size: 345.54092pt x 271.27759pt.
 [11 <./Figures/CNTs/chiral.png (PNG copy)>]
<./Figures/CNTs/DOS.png, id=465, 540.51938pt x 235.63031pt>
File: ./Figures/CNTs/DOS.png Graphic file (type png)
<use ./Figures/CNTs/DOS.png>
Package pdftex.def Info: ./Figures/CNTs/DOS.png  used on input line 41.
(pdftex.def)             Requested size: 345.54092pt x 150.63748pt.
 [12

 <./Figures/CNTs/DOS.png (PNG copy)>]
<./Figures/CNTs/kautura.png, id=474, 313.17pt x 348.55219pt>
File: ./Figures/CNTs/kautura.png Graphic file (type png)
<use ./Figures/CNTs/kautura.png>
Package pdftex.def Info: ./Figures/CNTs/kautura.png  used on input line 58.
(pdftex.def)             Requested size: 345.54092pt x 384.59459pt.


LaTeX Warning: `h' float specifier changed to `ht'.

[13

] [14 <./Figures/CNTs/kautura.png (PNG copy)>] [15

] [16]
<./Figures/CNTs/degrees.png, id=518, 462.528pt x 346.896pt>
File: ./Figures/CNTs/degrees.png Graphic file (type png)
<use ./Figures/CNTs/degrees.png>
Package pdftex.def Info: ./Figures/CNTs/degrees.png  used on input line 153.
(pdftex.def)             Requested size: 322.50345pt x 241.88864pt.
<./Figures/CNTs/diameter.png, id=519, 462.528pt x 346.896pt>
File: ./Figures/CNTs/diameter.png Graphic file (type png)
<use ./Figures/CNTs/diameter.png>
Package pdftex.def Info: ./Figures/CNTs/diameter.png  used on input line 153.
(pdftex.def)             Requested size: 322.50345pt x 241.88864pt.


LaTeX Warning: `h' float specifier changed to `ht'.

[17] [18 <./Figures/CNTs/degrees.png> <./Figures/CNTs/diameter.png>] [19



])
(./chapter-fiberfilling.tex [20]
Chapter 3.
<./Figures/fiberfilling/arc_power/50ms 15mA.png, id=547, 674.52pt x 514.92375pt
>
File: ./Figures/fiberfilling/arc_power/50ms 15mA.png Graphic file (type png)
<use ./Figures/fiberfilling/arc_power/50ms 15mA.png>
Package pdftex.def Info: ./Figures/fiberfilling/arc_power/50ms 15mA.png  used o
n input line 15.
(pdftex.def)             Requested size: 138.21777pt x 105.51291pt.
<./Figures/fiberfilling/arc_power/70ms 20mA.png, id=548, 899.36pt x 686.565pt>
File: ./Figures/fiberfilling/arc_power/70ms 20mA.png Graphic file (type png)
<use ./Figures/fiberfilling/arc_power/70ms 20mA.png>
Package pdftex.def Info: ./Figures/fiberfilling/arc_power/70ms 20mA.png  used o
n input line 15.
(pdftex.def)             Requested size: 138.21777pt x 105.51552pt.
<./Figures/fiberfilling/arc_power/70ms 25mA.png, id=549, 899.36pt x 686.565pt>
File: ./Figures/fiberfilling/arc_power/70ms 25mA.png Graphic file (type png)
<use ./Figures/fiberfilling/arc_power/70ms 25mA.png>
Package pdftex.def Info: ./Figures/fiberfilling/arc_power/70ms 25mA.png  used o
n input line 15.
(pdftex.def)             Requested size: 138.21777pt x 105.51552pt.
<./Figures/fiberfilling/arc_power/80ms 25mA.png, id=550, 899.36pt x 686.565pt>
File: ./Figures/fiberfilling/arc_power/80ms 25mA.png Graphic file (type png)
<use ./Figures/fiberfilling/arc_power/80ms 25mA.png>
Package pdftex.def Info: ./Figures/fiberfilling/arc_power/80ms 25mA.png  used o
n input line 15.
(pdftex.def)             Requested size: 138.21777pt x 105.51552pt.
<./Figures/fiberfilling/arc_power/90ms 25mA.png, id=551, 899.36pt x 686.565pt>
File: ./Figures/fiberfilling/arc_power/90ms 25mA.png Graphic file (type png)
<use ./Figures/fiberfilling/arc_power/90ms 25mA.png>
Package pdftex.def Info: ./Figures/fiberfilling/arc_power/90ms 25mA.png  used o
n input line 15.
(pdftex.def)             Requested size: 138.21777pt x 105.51552pt.
<./Figures/fiberfilling/arc_power/100ms 25mA.png, id=552, 899.36pt x 686.565pt>

File: ./Figures/fiberfilling/arc_power/100ms 25mA.png Graphic file (type png)
<use ./Figures/fiberfilling/arc_power/100ms 25mA.png>
Package pdftex.def Info: ./Figures/fiberfilling/arc_power/100ms 25mA.png  used 
on input line 15.
(pdftex.def)             Requested size: 138.21777pt x 105.51552pt.
<./Figures/fiberfilling/arc_err/collapsed.jpg, id=553, 899.36pt x 686.565pt>
File: ./Figures/fiberfilling/arc_err/collapsed.jpg Graphic file (type jpg)
<use ./Figures/fiberfilling/arc_err/collapsed.jpg>
Package pdftex.def Info: ./Figures/fiberfilling/arc_err/collapsed.jpg  used on 
input line 27.
(pdftex.def)             Requested size: 184.28568pt x 140.68387pt.
<./Figures/fiberfilling/arc_err/fiberend.jpg, id=554, 899.36pt x 686.565pt>
File: ./Figures/fiberfilling/arc_err/fiberend.jpg Graphic file (type jpg)
<use ./Figures/fiberfilling/arc_err/fiberend.jpg>
Package pdftex.def Info: ./Figures/fiberfilling/arc_err/fiberend.jpg  used on i
nput line 27.
(pdftex.def)             Requested size: 184.28568pt x 140.68387pt.
[21


] [22 <./Figures/fiberfilling/arc_power/50ms 15mA.png (PNG copy)> <./Figures/fi
berfilling/arc_power/70ms 20mA.png> <./Figures/fiberfilling/arc_power/70ms 25mA
.png> <./Figures/fiberfilling/arc_power/80ms 25mA.png> <./Figures/fiberfilling/
arc_power/90ms 25mA.png> <./Figures/fiberfilling/arc_power/100ms 25mA.png> <./F
igures/fiberfilling/arc_err/collapsed.jpg> <./Figures/fiberfilling/arc_err/fibe
rend.jpg>]
<./Figures/fiberfilling/scs_setup.png, id=570, 966.61125pt x 585.18625pt>
File: ./Figures/fiberfilling/scs_setup.png Graphic file (type png)
<use ./Figures/fiberfilling/scs_setup.png>
Package pdftex.def Info: ./Figures/fiberfilling/scs_setup.png  used on input li
ne 36.
(pdftex.def)             Requested size: 345.54092pt x 209.19356pt.


Package hyperref Warning: Token not allowed in a PDF string (PDFDocEncoding):
(hyperref)                removing `math shift' on input line 42.


Package hyperref Warning: Token not allowed in a PDF string (PDFDocEncoding):
(hyperref)                removing `subscript' on input line 42.


Package hyperref Warning: Token not allowed in a PDF string (PDFDocEncoding):
(hyperref)                removing `math shift' on input line 42.


Package hyperref Warning: Token not allowed in a PDF string (PDFDocEncoding):
(hyperref)                removing `math shift' on input line 42.


Package hyperref Warning: Token not allowed in a PDF string (PDFDocEncoding):
(hyperref)                removing `subscript' on input line 42.


Package hyperref Warning: Token not allowed in a PDF string (PDFDocEncoding):
(hyperref)                removing `math shift' on input line 42.

<./Figures/fiberfilling/water_transmission/water_transmission.png, id=572, 462.
528pt x 346.896pt>
File: ./Figures/fiberfilling/water_transmission/water_transmission.png Graphic 
file (type png)
<use ./Figures/fiberfilling/water_transmission/water_transmission.png>
Package pdftex.def Info: ./Figures/fiberfilling/water_transmission/water_transm
ission.png  used on input line 48.
(pdftex.def)             Requested size: 322.50345pt x 241.88864pt.
[23

 <./Figures/fiberfilling/scs_setup.png>] [24 <./Figures/fiberfilling/water_tran
smission/water_transmission.png>]
<./Figures/fiberfilling/HC800/transmission.png, id=588, 462.528pt x 346.896pt>
File: ./Figures/fiberfilling/HC800/transmission.png Graphic file (type png)
<use ./Figures/fiberfilling/HC800/transmission.png>
Package pdftex.def Info: ./Figures/fiberfilling/HC800/transmission.png  used on
 input line 61.
(pdftex.def)             Requested size: 345.54092pt x 259.16563pt.
 [25

] [26 <./Figures/fiberfilling/HC800/Transmission.png>]
<./Figures/fiberfilling/HC1550/ModeShape/HC1550_empty.png, id=599, 372.1905pt x
 245.718pt>
File: ./Figures/fiberfilling/HC1550/ModeShape/HC1550_empty.png Graphic file (ty
pe png)
<use ./Figures/fiberfilling/HC1550/ModeShape/HC1550_empty.png>
Package pdftex.def Info: ./Figures/fiberfilling/HC1550/ModeShape/HC1550_empty.p
ng  used on input line 77.
(pdftex.def)             Requested size: 147.43416pt x 97.33311pt.
<./Figures/fiberfilling/HC1550/ModeShape/HC1550_full_D2O.png, id=600, 372.1905p
t x 245.718pt>
File: ./Figures/fiberfilling/HC1550/ModeShape/HC1550_full_D2O.png Graphic file 
(type png)
<use ./Figures/fiberfilling/HC1550/ModeShape/HC1550_full_D2O.png>
Package pdftex.def Info: ./Figures/fiberfilling/HC1550/ModeShape/HC1550_full_D2
O.png  used on input line 77.
(pdftex.def)             Requested size: 147.43416pt x 97.33311pt.
<./Figures/fiberfilling/HC1550/ModeShape/HC1550_H2O.png, id=601, 372.1905pt x 2
45.718pt>
File: ./Figures/fiberfilling/HC1550/ModeShape/HC1550_H2O.png Graphic file (type
 png)
<use ./Figures/fiberfilling/HC1550/ModeShape/HC1550_H2O.png>
Package pdftex.def Info: ./Figures/fiberfilling/HC1550/ModeShape/HC1550_H2O.png
  used on input line 77.
(pdftex.def)             Requested size: 147.43416pt x 97.33311pt.
<./Figures/fiberfilling/HC1550/transmission.png, id=602, 462.528pt x 346.896pt>

File: ./Figures/fiberfilling/HC1550/transmission.png Graphic file (type png)
<use ./Figures/fiberfilling/HC1550/transmission.png>
Package pdftex.def Info: ./Figures/fiberfilling/HC1550/transmission.png  used o
n input line 84.
(pdftex.def)             Requested size: 345.54092pt x 259.16563pt.
 [27

 <./Figures/fiberfilling/HC1550/ModeShape/HC1550_empty.png> <./Figures/fiberfil
ling/HC1550/ModeShape/HC1550_full_D2O.png> <./Figures/fiberfilling/HC1550/ModeS
hape/HC1550_H2O.png> <./Figures/fiberfilling/HC1550/transmission.png>]) (./chap
ter-bandgap-overlap.tex [28



]
Chapter 4.

Package caption Warning: \captionsetup{type*=...} or \captionof
(caption)                outside box or environment on input line 27.
See the caption package documentation for explanation.


Package caption Warning: The option `hypcap=true' will be ignored for this
(caption)                particular \caption on input line 27.
See the caption package documentation for explanation.

<./Figures/CNTs/fibers_cnt.png, id=616, 1387.584pt x 698.1282pt>
File: ./Figures/CNTs/fibers_cnt.png Graphic file (type png)
<use ./Figures/CNTs/fibers_cnt.png>
Package pdftex.def Info: ./Figures/CNTs/fibers_cnt.png  used on input line 31.
(pdftex.def)             Requested size: 460.72124pt x 231.7998pt.

LaTeX Warning: `h' float specifier changed to `ht'.

[29


] [30 <./Figures/CNTs/fibers_cnt.png>]

Package caption Warning: The option `hypcap=true' will be ignored for this
(caption)                particular \caption on input line 63.
See the caption package documentation for explanation.

<./Figures/CNTs/HC1550_range.png, id=626, 549.252pt x 443.7378pt>
File: ./Figures/CNTs/HC1550_range.png Graphic file (type png)
<use ./Figures/CNTs/HC1550_range.png>
Package pdftex.def Info: ./Figures/CNTs/HC1550_range.png  used on input line 67
.
(pdftex.def)             Requested size: 276.43555pt x 223.33086pt.
[31

 <./Figures/CNTs/HC1550_range.png>]) (./chapter-background-icg.tex
<./Figures/ICG/D2O_acs.png, id=632, 462.528pt x 346.896pt>
File: ./Figures/ICG/D2O_acs.png Graphic file (type png)
<use ./Figures/ICG/D2O_acs.png>
Package pdftex.def Info: ./Figures/ICG/D2O_acs.png  used on input line 37.
(pdftex.def)             Requested size: 225.75594pt x 169.31886pt.
<./Figures/ICG/H2O_acs.png, id=633, 462.528pt x 346.896pt>
File: ./Figures/ICG/H2O_acs.png Graphic file (type png)
<use ./Figures/ICG/H2O_acs.png>
Package pdftex.def Info: ./Figures/ICG/H2O_acs.png  used on input line 37.
(pdftex.def)             Requested size: 225.75594pt x 169.31886pt.


LaTeX Warning: `h' float specifier changed to `ht'.

[32

] [33 <./Figures/ICG/D2O_acs.png> <./Figures/ICG/H2O_acs.png>]

Package caption Warning: The option `hypcap=true' will be ignored for this
(caption)                particular \caption on input line 60.
See the caption package documentation for explanation.


Package caption Warning: The option `hypcap=true' will be ignored for this
(caption)                particular \caption on input line 77.
See the caption package documentation for explanation.


Package caption Warning: The option `hypcap=true' will be ignored for this
(caption)                particular \caption on input line 92.
See the caption package documentation for explanation.

[34

] [35] [36]) (./chapter-icg-results.tex [37


]) (./chapter-background-ecdl.tex [38]
Chapter 5.
) [39


] (./uw-ethesis.bbl

LaTeX Warning: Empty `thebibliography' environment on input line 3.

) [40




] (./appendix-matlab_plots.tex [41


]
Appendix A.

Overfull \hbox (2.40399pt too wide) in paragraph at lines 26--26
[]\OT1/cmtt/m/n/12 set(gcf,'Position',[0,0,6,4]) % Set figure width (6 in.) and
 height (4 in.)[] 
 []

[42


])
No file uw-ethesis.gls.

Package glossaries-extra Warning: Glossary `main' is missing on input line 236.


[43]

Package glossaries-extra Warning: Rerun required to build the glossary `main' o
r check TeX's shell escape allows you to run makeindex on input line 236.

No file uw-ethesis.gls-abr.

Package glossaries-extra Warning: Glossary `abbreviations' is missing on input 
line 236.

[44




]

Package glossaries-extra Warning: Rerun required to build the glossary `abbrevi
ations' or check TeX's shell escape allows you to run makeindex on input line 2
36.

No file uw-ethesis.nomenclature-gls.

Package glossaries-extra Warning: Glossary `nomenclature' is missing on input l
ine 236.

[45




]

Package glossaries-extra Warning: Rerun required to build the glossary `nomencl
ature' or check TeX's shell escape allows you to run makeindex on input line 23
6.

No file uw-ethesis.symbols-gls.

Package glossaries-extra Warning: Glossary `symbols' is missing on input line 2
36.

[46




]

Package glossaries-extra Warning: Rerun required to build the glossary `symbols
' or check TeX's shell escape allows you to run makeindex on input line 236.

[47




] (./uw-ethesis.aux)
Package rerunfilecheck Info: File `uw-ethesis.out' has not changed.
(rerunfilecheck)             Checksum: 5D614D7259F2E1D9191658D8393C095C;2673.
 ) 
Here is how much of TeX's memory you used:
 28633 strings out of 478238
 534920 string characters out of 5850456
 892110 words of memory out of 5000000
 46115 multiletter control sequences out of 15000+600000
 483169 words of font info for 80 fonts, out of 8000000 for 9000
 1141 hyphenation exceptions out of 8191
 106i,14n,105p,1141b,633s stack positions out of 5000i,500n,10000p,200000b,80000s

pdfTeX warning (dest): name{glo:dingledorf} has been referenced but does not ex
ist, replaced by a fixed one


pdfTeX warning (dest): name{glo:aaaaz} has been referenced but does not exist, 
replaced by a fixed one


pdfTeX warning (dest): name{glo:rvec} has been referenced but does not exist, r
eplaced by a fixed one


pdfTeX warning (dest): name{glo:computer} has been referenced but does not exis
t, replaced by a fixed one

{/usr/share/texmf-dist/fonts/enc/dvips/cm-super/cm-super-ts1.enc}</usr/share/te
xmf-dist/fonts/type1/public/amsfonts/cm/cmbx12.pfb></usr/share/texmf-dist/fonts
/type1/public/amsfonts/cm/cmex10.pfb></usr/share/texmf-dist/fonts/type1/public/
amsfonts/cm/cmmi12.pfb></usr/share/texmf-dist/fonts/type1/public/amsfonts/cm/cm
mi6.pfb></usr/share/texmf-dist/fonts/type1/public/amsfonts/cm/cmmi8.pfb></usr/s
hare/texmf-dist/fonts/type1/public/amsfonts/cm/cmmib10.pfb></usr/share/texmf-di
st/fonts/type1/public/amsfonts/cm/cmr10.pfb></usr/share/texmf-dist/fonts/type1/
public/amsfonts/cm/cmr12.pfb></usr/share/texmf-dist/fonts/type1/public/amsfonts
/cm/cmr17.pfb></usr/share/texmf-dist/fonts/type1/public/amsfonts/cm/cmr6.pfb></
usr/share/texmf-dist/fonts/type1/public/amsfonts/cm/cmr7.pfb></usr/share/texmf-
dist/fonts/type1/public/amsfonts/cm/cmr8.pfb></usr/share/texmf-dist/fonts/type1
/public/amsfonts/cm/cmsy10.pfb></usr/share/texmf-dist/fonts/type1/public/amsfon
ts/cm/cmsy8.pfb></usr/share/texmf-dist/fonts/type1/public/amsfonts/cm/cmtt12.pf
b></usr/share/texmf-dist/fonts/type1/public/amsfonts/symbols/msbm10.pfb></usr/s
hare/texmf-dist/fonts/type1/public/cm-super/sfrm1200.pfb>
Output written on uw-ethesis.pdf (58 pages, 3174232 bytes).
PDF statistics:
 854 PDF objects out of 1000 (max. 8388607)
 695 compressed objects within 7 object streams
 208 named destinations out of 1000 (max. 500000)
 482 words of extra memory for PDF output out of 10000 (max. 10000000)

